<?xml version="1.0" encoding="UTF-8"?>
<testsuite xmlns:xsi="http://www.w3.org/2001/XMLSchema-instance" xsi:noNamespaceSchemaLocation="https://maven.apache.org/surefire/maven-surefire-plugin/xsd/surefire-test-report.xsd" name="io.intake.ayhan.knowledge.KnowledgeServiceTest" time="0.061" tests="3" errors="0" skipped="0" failures="0">
  <properties>
[...]
</properties>
  <testcase name="update_WithValidData_Success" classname="io.intake.ayhan.knowledge.KnowledgeServiceTest" time="0.057"/>
  <testcase name="delete_WithValidId_Success" classname="io.intake.ayhan.knowledge.KnowledgeServiceTest" time="0.001"/>
  <testcase name="create_WithValidData_Success" classname="io.intake.ayhan.knowledge.KnowledgeServiceTest" time="0.001"/>
</testsuite>